

times in msec
 clock   self+sourced   self:  sourced script
 clock   elapsed:              other lines

000.010  000.010: --- NVIM STARTING ---
000.362  000.353: locale set
000.603  000.241: inits 1
000.620  000.017: window checked
000.653  000.033: parsing arguments
000.722  000.069: expanding arguments
000.757  000.036: inits 2
001.265  000.508: init highlight
001.330  000.065: waiting for UI
001.940  000.610: done waiting for UI
001.969  000.029: initialized screen early for UI
003.284  001.164  001.164: sourcing /home/jpdarago/.vim/autoload/plug.vim
011.946  000.016  000.016: sourcing /home/jpdarago/.vim/plugged/tsuquyomi/ftdetect/typescript.vim
012.011  000.019  000.019: sourcing /home/jpdarago/.vim/plugged/ultisnips/ftdetect/snippets.vim
012.253  005.462  005.427: sourcing /usr/share/nvim/runtime/filetype.vim
012.433  000.030  000.030: sourcing /usr/share/nvim/runtime/ftplugin.vim
012.602  000.025  000.025: sourcing /usr/share/nvim/runtime/indent.vim
013.178  000.229  000.229: sourcing /usr/share/nvim/runtime/syntax/syncolor.vim
013.282  000.485  000.256: sourcing /usr/share/nvim/runtime/syntax/synload.vim
013.305  000.648  000.163: sourcing /usr/share/nvim/runtime/syntax/syntax.vim
013.547  000.182  000.182: sourcing /usr/share/nvim/runtime/syntax/nosyntax.vim
013.906  000.099  000.099: sourcing /usr/share/nvim/runtime/syntax/syncolor.vim
014.001  000.328  000.229: sourcing /usr/share/nvim/runtime/syntax/synload.vim
014.022  000.686  000.176: sourcing /usr/share/nvim/runtime/syntax/syntax.vim
014.574  000.120  000.120: sourcing /usr/share/nvim/runtime/syntax/syncolor.vim
015.377  000.139  000.139: sourcing /usr/share/nvim/runtime/syntax/syncolor.vim
015.896  000.117  000.117: sourcing /usr/share/nvim/runtime/syntax/syncolor.vim
025.271  011.174  010.798: sourcing /home/jpdarago/.vim/plugged/jellybeans.vim/colors/jellybeans.vim
025.602  000.008  000.008: sourcing /usr/share/nvim/runtime/filetype.vim
025.709  000.006  000.006: sourcing /usr/share/nvim/runtime/ftplugin.vim
025.811  000.005  000.005: sourcing /usr/share/nvim/runtime/indent.vim
025.833  023.763  004.555: sourcing /home/jpdarago/.vimrc
025.835  023.807  000.043: sourcing /home/jpdarago/.config/nvim/init.vim
025.837  000.061: sourcing vimrc file(s)
028.611  002.664  002.664: sourcing /home/jpdarago/.vim/plugged/vim-easymotion/plugin/EasyMotion.vim
028.759  000.092  000.092: sourcing /home/jpdarago/.vim/plugged/tsuquyomi/plugin/tsuquyomi.vim
028.929  000.041  000.041: sourcing /home/jpdarago/.vim/plugged/ultisnips/autoload/UltiSnips/map_keys.vim
028.984  000.180  000.140: sourcing /home/jpdarago/.vim/plugged/ultisnips/plugin/UltiSnips.vim
029.445  000.048  000.048: sourcing /home/jpdarago/.vim/plugged/ale/autoload/ale/events.vim
029.561  000.529  000.481: sourcing /home/jpdarago/.vim/plugged/ale/plugin/ale.vim
029.659  000.048  000.048: sourcing /home/jpdarago/.vim/plugged/vim-trailing/plugin/trailing.vim
029.722  000.020  000.020: sourcing /home/jpdarago/.vim/plugged/vim-snippets/plugin/vimsnippets.vim
030.135  000.375  000.375: sourcing /home/jpdarago/.fzf/plugin/fzf.vim
030.653  000.472  000.472: sourcing /home/jpdarago/.vim/plugged/fzf.vim/plugin/fzf.vim
030.818  000.110  000.110: sourcing /home/jpdarago/.vim/plugged/vim-highlightedyank/plugin/highlightedyank.vim
031.517  000.574  000.574: sourcing /home/jpdarago/.vim/plugged/vim-lsp-settings/autoload/lsp_settings.vim
031.624  000.029  000.029: sourcing /home/jpdarago/.vim/plugged/vim-lsp-settings/autoload/lsp_settings/utils.vim
034.159  000.036  000.036: sourcing /home/jpdarago/.vim/plugged/vim-lsp-settings/autoload/lsp_settings/profile.vim
034.476  000.251  000.251: sourcing /home/jpdarago/.vim/plugged/vim-lsp/autoload/lsp/utils.vim
035.267  000.430  000.430: sourcing /home/jpdarago/.vim/plugged/vim-lsp/autoload/lsp/callbag.vim
035.629  000.854  000.424: sourcing /home/jpdarago/.vim/plugged/vim-lsp/autoload/lsp.vim
035.797  004.933  003.190: sourcing /home/jpdarago/.vim/plugged/vim-lsp-settings/plugin/lsp_settings.vim
035.898  000.049  000.049: sourcing /home/jpdarago/.vim/plugged/nnn.vim/plugin/nnn.vim
036.159  000.099  000.099: sourcing /usr/share/nvim/runtime/autoload/remote/host.vim
036.172  000.210  000.111: sourcing /home/jpdarago/.vim/plugged/node-host/plugin/js_host.vim
036.230  000.014  000.014: sourcing /home/jpdarago/.vim/plugged/async.vim/plugin/async.vim
036.339  000.071  000.071: sourcing /home/jpdarago/.vim/plugged/asyncomplete-lsp.vim/plugin/asyncomplete-lsp.vim
036.454  000.072  000.072: sourcing /home/jpdarago/.vim/plugged/asyncomplete.vim/plugin/asyncomplete.vim
036.975  000.477  000.477: sourcing /home/jpdarago/.vim/plugged/vim-lsp/plugin/lsp.vim
037.138  000.064  000.064: sourcing /home/jpdarago/.vim/plugged/vim-operator-user/autoload/operator/user.vim
037.282  000.256  000.192: sourcing /home/jpdarago/.vim/plugged/vim-clang-format/plugin/clang_format.vim
039.825  002.490  002.490: sourcing /home/jpdarago/.vim/plugged/nerdcommenter/plugin/NERD_commenter.vim
040.156  000.274  000.274: sourcing /home/jpdarago/.vim/plugged/vim-surround/plugin/surround.vim
044.569  004.353  004.353: sourcing /home/jpdarago/.vim/plugged/vim-unimpaired/plugin/unimpaired.vim
044.643  000.010  000.010: sourcing /home/jpdarago/.vim/plugged/startuptime.vim/plugin/startuptime.vim
044.787  000.099  000.099: sourcing /home/jpdarago/.vim/plugged/vim-shfmt/plugin/shfmt.vim
045.116  000.129  000.129: sourcing /usr/share/nvim/runtime/plugin/gzip.vim
045.138  000.008  000.008: sourcing /usr/share/nvim/runtime/plugin/health.vim
045.201  000.053  000.053: sourcing /usr/share/nvim/runtime/plugin/man.vim
045.751  000.212  000.212: sourcing /usr/share/nvim/runtime/pack/dist/opt/matchit/plugin/matchit.vim
045.791  000.572  000.360: sourcing /usr/share/nvim/runtime/plugin/matchit.vim
045.892  000.089  000.089: sourcing /usr/share/nvim/runtime/plugin/matchparen.vim
046.227  000.321  000.321: sourcing /usr/share/nvim/runtime/plugin/netrwPlugin.vim
046.610  000.086  000.086: sourcing /usr/share/nvim/runtime/autoload/remote/define.vim
046.662  000.320  000.235: sourcing /home/jpdarago/.local/share/nvim/rplugin.vim
046.666  000.416  000.096: sourcing /usr/share/nvim/runtime/plugin/rplugin.vim
046.765  000.080  000.080: sourcing /usr/share/nvim/runtime/plugin/shada.vim
046.802  000.018  000.018: sourcing /usr/share/nvim/runtime/plugin/spellfile.vim
046.925  000.106  000.106: sourcing /usr/share/nvim/runtime/plugin/tarPlugin.vim
046.994  000.050  000.050: sourcing /usr/share/nvim/runtime/plugin/tohtml.vim
047.023  000.014  000.014: sourcing /usr/share/nvim/runtime/plugin/tutor.vim
047.154  000.117  000.117: sourcing /usr/share/nvim/runtime/plugin/zipPlugin.vim
047.159  001.550: loading plugins
047.239  000.079: loading packages
047.418  000.083  000.083: sourcing /home/jpdarago/.vim/plugged/ultisnips/after/plugin/UltiSnips_after.vim
047.429  000.107: loading after plugins
047.437  000.009: inits 3
049.569  002.132: reading ShaDa
052.359  000.480  000.480: sourcing /usr/share/nvim/runtime/autoload/dist/ft.vim
052.818  000.038  000.038: sourcing /usr/share/nvim/runtime/ftplugin/sh.vim
053.406  000.260  000.260: sourcing /usr/share/nvim/runtime/indent/sh.vim
055.374  001.727  001.727: sourcing /usr/share/nvim/runtime/syntax/sh.vim
1068.690  000.378  000.378: sourcing /usr/share/nvim/runtime/autoload/provider/clipboard.vim
1069.221  000.209  000.209: sourcing /home/jpdarago/.vim/plugged/ale/autoload/ale.vim
1069.722  000.420  000.420: sourcing /home/jpdarago/.vim/plugged/ale/autoload/ale/util.vim
1070.110  000.307  000.307: sourcing /home/jpdarago/.vim/plugged/ale/autoload/ale/linter.vim
1070.429  000.177  000.177: sourcing /home/jpdarago/.vim/plugged/ale/ale_linters/sh/bashate.vim
1070.621  000.172  000.172: sourcing /home/jpdarago/.vim/plugged/ale/ale_linters/sh/language_server.vim
1070.807  000.168  000.168: sourcing /home/jpdarago/.vim/plugged/ale/ale_linters/sh/shell.vim
1070.953  000.094  000.094: sourcing /home/jpdarago/.vim/plugged/ale/autoload/ale/handlers/shellcheck.vim
1071.124  000.300  000.205: sourcing /home/jpdarago/.vim/plugged/ale/ale_linters/sh/shellcheck.vim
1071.656  000.231  000.231: sourcing /home/jpdarago/.vim/plugged/ale/autoload/ale/engine.vim
1071.862  000.100  000.100: sourcing /home/jpdarago/.vim/plugged/ale/autoload/ale/command.vim
1072.159  000.053  000.053: sourcing /home/jpdarago/.vim/plugged/ale/autoload/ale/history.vim
1072.364  000.122  000.122: sourcing /home/jpdarago/.vim/plugged/ale/autoload/ale/lsp_linter.vim
1072.546  000.109  000.109: sourcing /home/jpdarago/.vim/plugged/ale/autoload/ale/path.vim
1072.680  000.032  000.032: sourcing /home/jpdarago/.vim/plugged/ale/autoload/ale/node.vim
1072.910  000.015  000.015: sourcing /home/jpdarago/.vim/plugged/ale/autoload/ale/handlers/sh.vim
1073.428  000.100  000.100: sourcing /home/jpdarago/.vim/plugged/ale/autoload/ale/job.vim
1074.518  1019.553: opening buffers
1074.990  000.357  000.357: sourcing /home/jpdarago/.vim/plugged/asyncomplete.vim/autoload/asyncomplete.vim
1075.134  000.032  000.032: sourcing /home/jpdarago/.vim/plugged/asyncomplete.vim/autoload/asyncomplete/utils/_on_change/textchangedp.vim
1075.495  000.588: BufEnter autocommands
1075.500  000.005: editing files in windows
1075.763  000.109  000.109: sourcing /home/jpdarago/.vim/plugged/vim-lsp/autoload/lsp/ui/vim/signs.vim
1075.986  000.071  000.071: sourcing /home/jpdarago/.vim/plugged/vim-lsp/autoload/lsp/ui/vim/virtual.vim
1076.145  000.080  000.080: sourcing /home/jpdarago/.vim/plugged/vim-lsp/autoload/lsp/ui/vim/highlights.vim
1076.295  000.048  000.048: sourcing /home/jpdarago/.vim/plugged/vim-lsp/autoload/lsp/ui/vim/signature_help.vim
1076.519  000.068  000.068: sourcing /home/jpdarago/.vim/plugged/vim-lsp/autoload/lsp/ui/vim/completion.vim
1076.678  000.015  000.015: sourcing /home/jpdarago/.vim/plugged/vim-lsp/autoload/lsp/internal/diagnostics.vim
1076.774  000.021  000.021: sourcing /home/jpdarago/.vim/plugged/vim-lsp/autoload/lsp/internal/diagnostics/echo.vim
1076.868  000.017  000.017: sourcing /home/jpdarago/.vim/plugged/vim-lsp/autoload/lsp/internal/diagnostics/float.vim
1077.053  000.118  000.118: sourcing /home/jpdarago/.vim/plugged/vim-lsp/autoload/lsp/ui/vim/output.vim
1077.205  000.063  000.063: sourcing /home/jpdarago/.vim/plugged/vim-lsp/autoload/lsp/internal/highlight_references.vim
1077.983  000.027  000.027: sourcing /home/jpdarago/.vim/plugged/vim-lsp/autoload/lsp/internal/show_message_request.vim
1078.702  000.104  000.104: sourcing /home/jpdarago/.vim/plugged/vim-lsp/autoload/lsp/ui/vim/diagnostics.vim
1079.041  002.799: VimEnter autocommands
1079.044  000.003: UIEnter autocommands
1079.046  000.002: before starting main loop
1079.137  000.056  000.056: sourcing /home/jpdarago/.vim/plugged/ale/autoload/ale/cursor.vim
1082.183  003.080: first screen update
1082.185  000.002: --- NVIM STARTED ---
